<?xml version="1.0" encoding="UTF-8"?>
<!-- Generated by org.testng.reporters.JUnitReportReporter -->
<testsuite hostname="Kapil-PC" failures="0" tests="5" name="Testng.Testng1" time="0.016" errors="0" timestamp="05 Apr 2019 21:25:02 GMT" skipped="1">
  <testcase classname="Testng.Testng1" name="new2" time="0.000"/>
  <testcase classname="Testng.Testng1" name="new3" time="0.016"/>
  <testcase classname="Testng.Testng1" name="new4" time="0.000"/>
  <testcase classname="Testng.Testng1" name="new5" time="0.000"/>
  <testcase classname="Testng.Testng1" name="new1">
    <skipped/>
  </testcase> <!-- new1 -->
</testsuite> <!-- Testng.Testng1 -->
