<?xml version="1.0" encoding="UTF-8"?>
<!-- Generated by org.testng.reporters.JUnitReportReporter -->
<testsuite hostname="Kapil-PC" failures="0" tests="1" name="Testng.Testng3" time="0.015" errors="0" timestamp="06 Apr 2019 06:02:56 GMT" skipped="0">
  <testcase classname="Testng.Testng3" name="Third1" time="0.015"/>
</testsuite> <!-- Testng.Testng3 -->
