<?xml version="1.0" encoding="UTF-8"?>
<!-- Generated by org.testng.reporters.JUnitReportReporter -->
<testsuite hostname="Kapil-PC" failures="0" tests="5" name="org.sample.wd.TestJunit2" time="0.171" errors="0" timestamp="06 Apr 2019 06:02:56 GMT" skipped="1">
  <testcase classname="org.sample.wd.TestJunit2" name="new2" time="0.047"/>
  <testcase classname="org.sample.wd.TestJunit2" name="new1" time="0.015"/>
  <testcase classname="org.sample.wd.TestJunit2" name="new5" time="0.000">
    <skipped/>
  </testcase> <!-- new5 -->
  <testcase classname="org.sample.wd.TestJunit2" name="new3" time="0.047"/>
  <testcase classname="org.sample.wd.TestJunit2" name="new4" time="0.062"/>
</testsuite> <!-- org.sample.wd.TestJunit2 -->
