<?xml version="1.0" encoding="UTF-8"?>
<!-- Generated by org.testng.reporters.JUnitReportReporter -->
<testsuite hostname="Kapil-PC" failures="0" tests="5" name="Testng.Testng2" time="0.048" errors="0" timestamp="05 Apr 2019 21:26:12 GMT" skipped="0">
  <testcase classname="Testng.Testng2" name="Test1" time="0.016"/>
  <testcase classname="Testng.Testng2" name="Test2" time="0.016"/>
  <testcase classname="Testng.Testng2" name="Test3" time="0.000"/>
  <testcase classname="Testng.Testng2" name="Test4" time="0.016"/>
  <testcase classname="Testng.Testng2" name="Test5" time="0.000"/>
</testsuite> <!-- Testng.Testng2 -->
