<?xml version="1.0" encoding="UTF-8"?>
<!-- Generated by org.testng.reporters.JUnitReportReporter -->
<testsuite hostname="Kapil-PC" failures="0" tests="4" name="org.sample.wd.TestJunit1" time="0.421" errors="0" timestamp="06 Apr 2019 06:02:56 GMT" skipped="1">
  <testcase classname="org.sample.wd.TestJunit1" name="test" time="0.187"/>
  <testcase classname="org.sample.wd.TestJunit1" name="test2" time="0.109"/>
  <testcase classname="org.sample.wd.TestJunit1" name="test4" time="0.125"/>
  <testcase classname="org.sample.wd.TestJunit1" name="test3" time="0.000">
    <skipped/>
  </testcase> <!-- test3 -->
</testsuite> <!-- org.sample.wd.TestJunit1 -->
